2025-09-03 22:39:16,723	WARNING	https://marvel.fandom.com/wiki/Avengers_Academy_TPB_Vol_1	HTTP 503	status=503
2025-09-03 22:39:16,723	INFO	https://marvel.fandom.com/wiki/Avengers_Academy_TPB_Vol_1	skipped
2025-09-04 11:27:15,581	WARNING	https://marvel.fandom.com/wiki/Electron_(Imperial_Guard)_(Earth-616)/Gallery	status=404	HTTP 404
2025-09-04 11:27:15,581	INFO	https://marvel.fandom.com/wiki/Electron_(Imperial_Guard)_(Earth-616)/Gallery	skipped
2025-09-04 18:24:59,141	WARNING	https://marvel.fandom.com/wiki/Hawkeye_Comic_Books	HTTPSConnectionPool(host='marvel.fandom.com', port=443): Read timed out. (read timeout=30)	status=None
2025-09-04 18:24:59,142	INFO	https://marvel.fandom.com/wiki/Hawkeye_Comic_Books	skipped
2025-09-04 21:09:18,838	WARNING	https://marvel.fandom.com/wiki/Incredible_Hulk:_Return_of_the_Monster_Omnibus_Vol_1	HTTP 503	status=503
2025-09-04 21:09:18,838	INFO	https://marvel.fandom.com/wiki/Incredible_Hulk:_Return_of_the_Monster_Omnibus_Vol_1	skipped
2025-09-04 23:46:22,507	WARNING	https://marvel.fandom.com/wiki/Jane_Foster_Comic_Books	HTTP 503	status=503
2025-09-04 23:46:22,507	INFO	https://marvel.fandom.com/wiki/Jane_Foster_Comic_Books	skipped
2025-09-05 06:13:50,017	WARNING	https://marvel.fandom.com/wiki/M%26Ms_Comic_Books	HTTP 503	status=503
2025-09-05 06:13:50,017	INFO	https://marvel.fandom.com/wiki/M%26Ms_Comic_Books	skipped
2025-09-05 13:01:23,205	WARNING	https://marvel.fandom.com/wiki/Miracleman_Comic_Books	HTTPSConnectionPool(host='marvel.fandom.com', port=443): Read timed out. (read timeout=30)	status=None
2025-09-05 13:01:23,205	INFO	https://marvel.fandom.com/wiki/Miracleman_Comic_Books	skipped
2025-09-05 14:38:22,090	WARNING	https://marvel.fandom.com/wiki/Myrddin_(Earth-616)/Gallery	status=404	HTTP 404
2025-09-05 14:38:22,090	INFO	https://marvel.fandom.com/wiki/Myrddin_(Earth-616)/Gallery	skipped
2025-09-05 17:18:58,258	WARNING	https://marvel.fandom.com/wiki/Official_Index_to_the_Marvel_Universe	HTTPSConnectionPool(host='marvel.fandom.com', port=443): Read timed out. (read timeout=30)	status=None
2025-09-05 17:18:58,258	INFO	https://marvel.fandom.com/wiki/Official_Index_to_the_Marvel_Universe	skipped
2025-09-05 21:31:07,949	WARNING	https://marvel.fandom.com/wiki/Quicksilver_Comic_Books	HTTP 503	status=503
2025-09-05 21:31:07,949	INFO	https://marvel.fandom.com/wiki/Quicksilver_Comic_Books	skipped
